> Task :app:compileDebugJavaWithJavac
/home/runner/work/NearByBites/NearByBites/app/src/main/java/com/foodapp/CheckoutActivity.java:102: error: cannot find symbol
            subtotal = cartManager.getCartTotal();
                                  ^
  symbol:   method getCartTotal()
  location: variable cartManager of type CartManager
/home/runner/work/NearByBites/NearByBites/app/src/main/java/com/foodapp/OrderSuccessActivity.java:80: error: incompatible types: List<MenuItem> cannot be converted to List<CartItem>
        orderItems = cartManager.getCartItems();
                                             ^
/home/runner/work/NearByBites/NearByBites/app/src/main/java/com/foodapp/OrderSuccessActivity.java:95: error: cannot find symbol
            subtotal = cartManager.getCartTotal();
                                  ^
  symbol:   method getCartTotal()
  location: variable cartManager of type CartManager
/home/runner/work/NearByBites/NearByBites/app/src/main/java/com/foodapp/ProfileActivity.java:39: error: cannot find symbol
        tvUserEmail = findViewById(R.id.tvUserEmail);
                                       ^
  symbol:   variable tvUserEmail
  location: class id
/home/runner/work/NearByBites/NearByBites/app/src/main/java/com/foodapp/ProfileActivity.java:40: error: cannot find symbol
        tvUserPhone = findViewById(R.id.tvUserPhone);
                                       ^
  symbol:   variable tvUserPhone
  location: class id
/home/runner/work/NearByBites/NearByBites/app/src/main/java/com/foodapp/adapter/MenuAdapter.java:62: error: cannot find symbol
            ivFoodImage = itemView.findViewById(R.id.ivFoodImage);
                                                    ^
  symbol:   variable ivFoodImage
  location: class id
/home/runner/work/NearByBites/NearByBites/app/src/main/java/com/foodapp/adapter/MenuAdapter.java:64: error: cannot find symbol
            tvItemDescription = itemView.findViewById(R.id.tvItemDescription);
                                                          ^
  symbol:   variable tvItemDescription
  location: class id
/home/runner/work/NearByBites/NearByBites/app/src/main/java/com/foodapp/adapter/RestaurantAdapter.java:65: error: cannot find symbol
            tvStatus = itemView.findViewById(R.id.tvStatus);
                                                 ^
  symbol:   variable tvStatus
  location: class id
/home/runner/work/NearByBites/NearByBites/app/src/main/java/com/foodapp/adapter/CartAdapter.java:44: error: cannot find symbol
        TextView tvItemQuantity = listItem.findViewById(R.id.tvItemQuantity);
                                                            ^
  symbol:   variable tvItemQuantity
  location: class id
/home/runner/work/NearByBites/NearByBites/app/src/main/java/com/foodapp/adapter/CartAdapter.java:46: error: cannot find symbol
        TextView tvItemRemarks = listItem.findViewById(R.id.tvItemRemarks);
                                                           ^
  symbol:   variable tvItemRemarks
  location: class id
/home/runner/work/NearByBites/NearByBites/app/src/main/java/com/foodapp/adapter/CartAdapter.java:64: error: cannot find symbol
        if (currentItem.getMenuItem().getImageUrl() != null && !currentItem.getMenuItem().getImageUrl().isEmpty()) {
                                     ^
  symbol:   method getImageUrl()
  location: class MenuItem
/home/runner/work/NearByBites/NearByBites/app/src/main/java/com/foodapp/adapter/CartAdapter.java:64: error: cannot find symbol
        if (currentItem.getMenuItem().getImageUrl() != null && !currentItem.getMenuItem().getImageUrl().isEmpty()) {
                                                                                         ^
  symbol:   method getImageUrl()
  location: class MenuItem
/home/runner/work/NearByBites/NearByBites/app/src/main/java/com/foodapp/adapter/CartAdapter.java:65: error: cannot find symbol
            Picasso.get().load(currentItem.getMenuItem().getImageUrl()).into(ivItemImage);
                                                        ^
  symbol:   method getImageUrl()
  location: class MenuItem
/home/runner/work/NearByBites/NearByBites/app/src/main/java/com/foodapp/CartActivity.java:77: error: incompatible types: List<MenuItem> cannot be converted to List<CartItem>
        cartItems = cartManager.getCartItems();
                                            ^
/home/runner/work/NearByBites/NearByBites/app/src/main/java/com/foodapp/CartActivity.java:96: error: cannot find symbol
                intent.putExtra("subtotal", cartManager.getCartTotal());
                                                       ^
  symbol:   method getCartTotal()
  location: variable cartManager of type CartManager
/home/runner/work/NearByBites/NearByBites/app/src/main/java/com/foodapp/CartActivity.java:162: error: cannot find symbol
        double subtotal = cartManager.getCartTotal();
                                     ^
  symbol:   method getCartTotal()
  location: variable cartManager of type CartManager
/home/runner/work/NearByBites/NearByBites/app/src/main/java/com/foodapp/adapters/CartAdapter.java:81: error: cannot find symbol
            cartManager.removeItemFromCart(cartItem.getMenuItem().getId());
                       ^
  symbol:   method removeItemFromCart(int)
  location: variable cartManager of type CartManager
/home/runner/work/NearByBites/NearByBites/app/src/main/java/com/foodapp/fragments/TourGuideFragment.java:22: error: cannot find symbol
            R.drawable.tour_page_1,
                      ^
  symbol:   variable tour_page_1
  location: class drawable
/home/runner/work/NearByBites/NearByBites/app/src/main/java/com/foodapp/fragments/TourGuideFragment.java:23: error: cannot find symbol
            R.drawable.tour_page_2,
                      ^
  symbol:   variable tour_page_2
  location: class drawable
/home/runner/work/NearByBites/NearByBites/app/src/main/java/com/foodapp/fragments/TourGuideFragment.java:24: error: cannot find symbol
            R.drawable.tour_page_3
                      ^
  symbol:   variable tour_page_3
  location: class drawable
/home/runner/work/NearByBites/NearByBites/app/src/main/java/com/foodapp/utils/UserManager.java:63: error: cannot find symbol
        currentUser.setPhoneNumber(phoneNumber);
                   ^
  symbol:   method setPhoneNumber(String)
  location: variable currentUser of type User
/home/runner/work/NearByBites/NearByBites/app/src/main/java/com/foodapp/utils/UserManager.java:68: error: cannot find symbol
        currentUser.setProfileImageUri(imageUri);
                   ^
  symbol:   method setProfileImageUri(String)
  location: variable currentUser of type User
/home/runner/work/NearByBites/NearByBites/app/src/main/java/com/foodapp/utils/DataGenerator.java:19: error: no suitable constructor found for Restaurant(int,String,String,float,float,String,String,String,String,List<MenuItem>,List<String>)
        Restaurant r1 = new Restaurant(
                        ^
    constructor Restaurant.Restaurant(int,String,String,String,float,int,float,int,String,String) is not applicable
      (actual and formal argument lists differ in length)
    constructor Restaurant.Restaurant(int,String,String,String,float,int,float,int) is not applicable
      (actual and formal argument lists differ in length)
/home/runner/work/NearByBites/NearByBites/app/src/main/java/com/foodapp/utils/DataGenerator.java:33: error: no suitable constructor found for Restaurant(int,String,String,float,float,String,String,String,String,List<MenuItem>,List<String>)
        Restaurant r2 = new Restaurant(
                        ^
    constructor Restaurant.Restaurant(int,String,String,String,float,int,float,int,String,String) is not applicable
      (actual and formal argument lists differ in length)
    constructor Restaurant.Restaurant(int,String,String,String,float,int,float,int) is not applicable
      (actual and formal argument lists differ in length)
/home/runner/work/NearByBites/NearByBites/app/src/main/java/com/foodapp/utils/DataGenerator.java:47: error: no suitable constructor found for Restaurant(int,String,String,float,float,String,String,String,String,List<MenuItem>,List<String>)
        Restaurant r3 = new Restaurant(
                        ^
    constructor Restaurant.Restaurant(int,String,String,String,float,int,float,int,String,String) is not applicable
      (actual and formal argument lists differ in length)
    constructor Restaurant.Restaurant(int,String,String,String,float,int,float,int) is not applicable
      (actual and formal argument lists differ in length)
/home/runner/work/NearByBites/NearByBites/app/src/main/java/com/foodapp/utils/DataGenerator.java:61: error: no suitable constructor found for Restaurant(int,String,String,float,float,String,String,String,String,List<MenuItem>,List<String>)
        Restaurant r4 = new Restaurant(
                        ^
    constructor Restaurant.Restaurant(int,String,String,String,float,int,float,int,String,String) is not applicable
      (actual and formal argument lists differ in length)
    constructor Restaurant.Restaurant(int,String,String,String,float,int,float,int) is not applicable
      (actual and formal argument lists differ in length)
/home/runner/work/NearByBites/NearByBites/app/src/main/java/com/foodapp/utils/DataGenerator.java:88: error: constructor MenuItem in class MenuItem cannot be applied to given types;
                menuItems.add(new MenuItem(101, "Garden Fresh Salad", "Mixed greens, tomatoes, cucumber with olive oil dressing", 7.99, "https://images.unsplash.com/photo-1512621776951-a57141f2eefd?ixlib=rb-1.2.1&ixid=MnwxMjA3fDB8MHxwaG90by1wYWdlfHx8fGVufDB8fHx8&auto=format&fit=crop&w=1170&q=80", "Salad", true, false));
                              ^
  required: int,String,String,double,int
  found:    int,String,String,double,String,String,boolean,boolean
  reason: actual and formal argument lists differ in length
/home/runner/work/NearByBites/NearByBites/app/src/main/java/com/foodapp/utils/DataGenerator.java:89: error: constructor MenuItem in class MenuItem cannot be applied to given types;
                menuItems.add(new MenuItem(102, "Veggie Burger", "Plant-based patty with lettuce, tomato, and special sauce", 10.99, "https://images.unsplash.com/photo-1520072959219-c595dc870360?ixlib=rb-1.2.1&ixid=MnwxMjA3fDB8MHxwaG90by1wYWdlfHx8fGVufDB8fHx8&auto=format&fit=crop&w=1290&q=80", "Burger", false, true));
                              ^
  required: int,String,String,double,int
  found:    int,String,String,double,String,String,boolean,boolean
  reason: actual and formal argument lists differ in length
/home/runner/work/NearByBites/NearByBites/app/src/main/java/com/foodapp/utils/DataGenerator.java:90: error: constructor MenuItem in class MenuItem cannot be applied to given types;
                menuItems.add(new MenuItem(103, "Tofu Stir Fry", "Tofu and vegetables in savory sauce with rice", 12.99, "https://images.unsplash.com/photo-1546069901-ba9599a7e63c?ixlib=rb-1.2.1&ixid=MnwxMjA3fDB8MHxwaG90by1wYWdlfHx8fGVufDB8fHx8&auto=format&fit=crop&w=1160&q=80", "Main Course", false, false));
                              ^
  required: int,String,String,double,int
  found:    int,String,String,double,String,String,boolean,boolean
  reason: actual and formal argument lists differ in length
/home/runner/work/NearByBites/NearByBites/app/src/main/java/com/foodapp/utils/DataGenerator.java:93: error: constructor MenuItem in class MenuItem cannot be applied to given types;
                menuItems.add(new MenuItem(201, "Margherita Pizza", "Classic cheese and tomato sauce", 14.99, "https://images.unsplash.com/photo-1574071318508-1cdbab80d002?ixlib=rb-1.2.1&ixid=MnwxMjA3fDB8MHxwaG90by1wYWdlfHx8fGVufDB8fHx8&auto=format&fit=crop&w=1169&q=80", "Pizza", true, true));
                              ^
  required: int,String,String,double,int
  found:    int,String,String,double,String,String,boolean,boolean
  reason: actual and formal argument lists differ in length
/home/runner/work/NearByBites/NearByBites/app/src/main/java/com/foodapp/utils/DataGenerator.java:94: error: constructor MenuItem in class MenuItem cannot be applied to given types;
                menuItems.add(new MenuItem(202, "Pepperoni Pizza", "Classic pepperoni on cheese pizza", 16.99, "https://images.unsplash.com/photo-1534308983496-4fabb1a015ee?ixlib=rb-1.2.1&ixid=MnwxMjA3fDB8MHxwaG90by1wYWdlfHx8fGVufDB8fHx8&auto=format&fit=crop&w=1176&q=80", "Pizza", false, true));
                              ^
  required: int,String,String,double,int
  found:    int,String,String,double,String,String,boolean,boolean
  reason: actual and formal argument lists differ in length
/home/runner/work/NearByBites/NearByBites/app/src/main/java/com/foodapp/utils/DataGenerator.java:95: error: constructor MenuItem in class MenuItem cannot be applied to given types;
                menuItems.add(new MenuItem(203, "Garlic Breadsticks", "Freshly baked with garlic butter", 6.99, "https://images.unsplash.com/photo-1619531038896-deaff53d151a?ixlib=rb-1.2.1&ixid=MnwxMjA3fDB8MHxwaG90by1wYWdlfHx8fGVufDB8fHx8&auto=format&fit=crop&w=1160&q=80", "Sides", false, false));
                              ^
  required: int,String,String,double,int
  found:    int,String,String,double,String,String,boolean,boolean
  reason: actual and formal argument lists differ in length
/home/runner/work/NearByBites/NearByBites/app/src/main/java/com/foodapp/utils/DataGenerator.java:98: error: constructor MenuItem in class MenuItem cannot be applied to given types;
                menuItems.add(new MenuItem(301, "Butter Chicken", "Chicken in creamy tomato sauce", 15.99, "https://images.unsplash.com/photo-1603894584373-5ac82b2ae398?ixlib=rb-1.2.1&ixid=MnwxMjA3fDB8MHxwaG90by1wYWdlfHx8fGVufDB8fHx8&auto=format&fit=crop&w=1170&q=80", "Main Course", true, true));
                              ^
  required: int,String,String,double,int
  found:    int,String,String,double,String,String,boolean,boolean
  reason: actual and formal argument lists differ in length
/home/runner/work/NearByBites/NearByBites/app/src/main/java/com/foodapp/utils/DataGenerator.java:99: error: constructor MenuItem in class MenuItem cannot be applied to given types;
                menuItems.add(new MenuItem(302, "Palak Paneer", "Cottage cheese in spinach gravy", 13.99, "https://images.unsplash.com/photo-1596797038530-2c107aa7ad9c?ixlib=rb-1.2.1&ixid=MnwxMjA3fDB8MHxwaG90by1wYWdlfHx8fGVufDB8fHx8&auto=format&fit=crop&w=1025&q=80", "Main Course", false, false));
                              ^
  required: int,String,String,double,int
  found:    int,String,String,double,String,String,boolean,boolean
  reason: actual and formal argument lists differ in length
/home/runner/work/NearByBites/NearByBites/app/src/main/java/com/foodapp/utils/DataGenerator.java:100: error: constructor MenuItem in class MenuItem cannot be applied to given types;
                menuItems.add(new MenuItem(303, "Garlic Naan", "Flatbread with garlic", 3.99, "https://images.unsplash.com/photo-1565557623262-b51c2513a641?ixlib=rb-1.2.1&ixid=MnwxMjA3fDB8MHxwaG90by1wYWdlfHx8fGVufDB8fHx8&auto=format&fit=crop&w=1071&q=80", "Bread", false, true));
                              ^
  required: int,String,String,double,int
  found:    int,String,String,double,String,String,boolean,boolean
  reason: actual and formal argument lists differ in length
/home/runner/work/NearByBites/NearByBites/app/src/main/java/com/foodapp/utils/DataGenerator.java:103: error: constructor MenuItem in class MenuItem cannot be applied to given types;
                menuItems.add(new MenuItem(401, "Classic Cheeseburger", "Beef patty with cheese and fixings", 8.99, "https://images.unsplash.com/photo-1568901346375-23c9450c58cd?ixlib=rb-1.2.1&ixid=MnwxMjA3fDB8MHxwaG90by1wYWdlfHx8fGVufDB8fHx8&auto=format&fit=crop&w=1899&q=80", "Burger", true, true));
                              ^
  required: int,String,String,double,int
  found:    int,String,String,double,String,String,boolean,boolean
  reason: actual and formal argument lists differ in length
/home/runner/work/NearByBites/NearByBites/app/src/main/java/com/foodapp/utils/DataGenerator.java:104: error: constructor MenuItem in class MenuItem cannot be applied to given types;
                menuItems.add(new MenuItem(402, "Crispy Chicken Sandwich", "Fried chicken fillet with mayo and lettuce", 7.99, "https://images.unsplash.com/photo-1606755962773-d324e0a13086?ixlib=rb-1.2.1&ixid=MnwxMjA3fDB8MHxwaG90by1wYWdlfHx8fGVufDB8fHx8&auto=format&fit=crop&w=1287&q=80", "Sandwich", false, true));
                              ^
  required: int,String,String,double,int
  found:    int,String,String,double,String,String,boolean,boolean
  reason: actual and formal argument lists differ in length
/home/runner/work/NearByBites/NearByBites/app/src/main/java/com/foodapp/utils/DataGenerator.java:105: error: constructor MenuItem in class MenuItem cannot be applied to given types;
                menuItems.add(new MenuItem(403, "French Fries", "Crispy golden fries", 3.99, "https://images.unsplash.com/photo-1576107232684-1279f390859f?ixlib=rb-1.2.1&ixid=MnwxMjA3fDB8MHxwaG90by1wYWdlfHx8fGVufDB8fHx8&auto=format&fit=crop&w=1160&q=80", "Sides", false, false));
                              ^
  required: int,String,String,double,int
  found:    int,String,String,double,String,String,boolean,boolean
  reason: actual and formal argument lists differ in length
/home/runner/work/NearByBites/NearByBites/app/src/main/java/com/foodapp/utils/DataGenerator.java:119: error: cannot find symbol
                        cartManager.addItemToCart(menuItem, quantity);
                                   ^
  symbol:   method addItemToCart(MenuItem,int)
  location: variable cartManager of type CartManager
/home/runner/work/NearByBites/NearByBites/app/src/main/java/com/foodapp/OrderConfirmationActivity.java:60: error: incompatible types: List<CartItem> cannot be converted to Context
        cartAdapter = new CartAdapter(order.getItems(), null);
                                                    ^
/home/runner/work/NearByBites/NearByBites/app/src/main/java/com/foodapp/OrderConfirmationActivity.java:61: error: cannot find symbol
        cartAdapter.setReadOnly(true);
                   ^
  symbol:   method setReadOnly(boolean)
  location: variable cartAdapter of type CartAdapter
/home/runner/work/NearByBites/NearByBites/app/src/main/java/com/foodapp/OrderConfirmationActivity.java:62: error: incompatible types: CartAdapter cannot be converted to Adapter
        recyclerViewOrderItems.setAdapter(cartAdapter);
                                          ^
/home/runner/work/NearByBites/NearByBites/app/src/main/java/com/foodapp/SearchResultActivity.java:93: error: cannot find symbol
        allRestaurants.add(new Restaurant(2, "Pizza Hut", "456 Main St", "Pizza, Italian Food, Pasta", 4.5f, 30, 2.5f, R.drawable.restaurant_2, "Pizza", "$$"));
                                                                                                                                 ^
  symbol:   variable restaurant_2
  location: class drawable
/home/runner/work/NearByBites/NearByBites/app/src/main/java/com/foodapp/SearchResultActivity.java:94: error: cannot find symbol
        allRestaurants.add(new Restaurant(3, "Jollibee", "789 Main St", "Fast Food, Filipino Food, Pasta", 4.7f, 25, 1.5f, R.drawable.restaurant_3, "Chicken", "$"));
                                                                                                                                     ^
  symbol:   variable restaurant_3
  location: class drawable
/home/runner/work/NearByBites/NearByBites/app/src/main/java/com/foodapp/SearchResultActivity.java:95: error: cannot find symbol
        allRestaurants.add(new Restaurant(4, "KFC", "101 Main St", "Fast Food, American Food, Chicken", 4.0f, 15, 0.8f, R.drawable.restaurant_4, "Chicken", "$"));
                                                                                                                                  ^
  symbol:   variable restaurant_4
  location: class drawable
/home/runner/work/NearByBites/NearByBites/app/src/main/java/com/foodapp/SearchResultActivity.java:97: error: cannot find symbol
        allRestaurants.add(new Restaurant(6, "Domino's Pizza", "303 Main St", "Pizza, Italian Food", 4.3f, 35, 3.0f, R.drawable.restaurant_2, "Pizza", "$$"));
                                                                                                                               ^
  symbol:   variable restaurant_2
  location: class drawable
/home/runner/work/NearByBites/NearByBites/app/src/main/java/com/foodapp/SearchResultActivity.java:98: error: cannot find symbol
        allRestaurants.add(new Restaurant(7, "Taco Bell", "404 Main St", "Fast Food, Mexican Food", 3.9f, 20, 1.8f, R.drawable.restaurant_3, "Fast Food", "$"));
                                                                                                                              ^
  symbol:   variable restaurant_3
  location: class drawable
/home/runner/work/NearByBites/NearByBites/app/src/main/java/com/foodapp/SearchResultActivity.java:99: error: cannot find symbol
        allRestaurants.add(new Restaurant(8, "Subway", "505 Main St", "Sandwiches, Healthy Food", 4.1f, 15, 0.5f, R.drawable.restaurant_4, "Fast Food", "$"));
                                                                                                                            ^
  symbol:   variable restaurant_4
  location: class drawable
/home/runner/work/NearByBites/NearByBites/app/src/main/java/com/foodapp/TourGuideActivity.java:85: error: cannot find symbol
                    btnNext.setText(R.string.get_started);
                                            ^
  symbol:   variable get_started
  location: class string
/home/runner/work/NearByBites/NearByBites/app/src/main/java/com/foodapp/RestaurantListActivity.java:74: error: cannot find symbol
            tvUserName.setText("Hello, " + currentUser.getName());
                                                      ^
  symbol:   method getName()
  location: variable currentUser of type User
/home/runner/work/NearByBites/NearByBites/app/src/main/java/com/foodapp/RestaurantListActivity.java:79: error: cannot find symbol
        List<Address> addresses = preferenceManager.getAddresses();
                                                   ^
  symbol:   method getAddresses()
  location: variable preferenceManager of type PreferenceManager
/home/runner/work/NearByBites/NearByBites/app/src/main/java/com/foodapp/RestaurantListActivity.java:110: error: cannot find symbol
        preferenceManager.logoutUser();
                         ^
  symbol:   method logoutUser()
  location: variable preferenceManager of type PreferenceManager
/home/runner/work/NearByBites/NearByBites/app/src/main/java/com/foodapp/EditProfileActivity.java:92: error: cannot find symbol
            if (user.getProfileImageUri() != null && !user.getProfileImageUri().isEmpty()) {
                    ^
  symbol:   method getProfileImageUri()
  location: variable user of type User
/home/runner/work/NearByBites/NearByBites/app/src/main/java/com/foodapp/EditProfileActivity.java:92: error: cannot find symbol
            if (user.getProfileImageUri() != null && !user.getProfileImageUri().isEmpty()) {
                                                          ^
  symbol:   method getProfileImageUri()
  location: variable user of type User
/home/runner/work/NearByBites/NearByBites/app/src/main/java/com/foodapp/EditProfileActivity.java:94: error: cannot find symbol
                    Uri imageUri = Uri.parse(user.getProfileImageUri());
                                                 ^
  symbol:   method getProfileImageUri()
  location: variable user of type User
/home/runner/work/NearByBites/NearByBites/app/src/main/java/com/foodapp/EditProfileActivity.java:163: error: cannot find symbol
        } else if (selectedImageUri == null && userManager.getCurrentUser().getProfileImageUri() != null) {
                                                                           ^
  symbol:   method getProfileImageUri()
  location: class User
/home/runner/work/NearByBites/NearByBites/app/src/main/java/com/foodapp/RestaurantsListActivity.java:130: error: cannot find symbol
        allRestaurants.add(new Restaurant(2, "Pizza Hut", "456 Main St", "Pizza, Italian", 4.5f, 30, 2.5f, R.drawable.restaurant_2, "Pizza", "$$"));
                                                                                                                     ^
  symbol:   variable restaurant_2
  location: class drawable
/home/runner/work/NearByBites/NearByBites/app/src/main/java/com/foodapp/RestaurantsListActivity.java:131: error: cannot find symbol
        allRestaurants.add(new Restaurant(3, "Papa John's", "789 Elm St", "Pizza, Italian", 4.6f, 25, 1.5f, R.drawable.restaurant_3, "Pizza", "$$"));
                                                                                                                      ^
  symbol:   variable restaurant_3
  location: class drawable
/home/runner/work/NearByBites/NearByBites/app/src/main/java/com/foodapp/RestaurantsListActivity.java:132: error: cannot find symbol
        allRestaurants.add(new Restaurant(4, "KFC", "101 Oak St", "Fast Food, Chicken", 4.0f, 15, 0.8f, R.drawable.restaurant_4, "Chicken", "$"));
                                                                                                                  ^
  symbol:   variable restaurant_4
  location: class drawable
/home/runner/work/NearByBites/NearByBites/app/src/main/java/com/foodapp/RestaurantsListActivity.java:134: error: cannot find symbol
        allRestaurants.add(new Restaurant(6, "Taco Bell", "303 Maple St", "Mexican, Fast Food", 3.9f, 25, 3.2f, R.drawable.restaurant_2, "Fast Food", "$"));
                                                                                                                          ^
  symbol:   variable restaurant_2
  location: class drawable
/home/runner/work/NearByBites/NearByBites/app/src/main/java/com/foodapp/RestaurantsListActivity.java:135: error: cannot find symbol
        allRestaurants.add(new Restaurant(7, "Outback Steakhouse", "404 Birch St", "Steak, American", 4.7f, 40, 4.5f, R.drawable.restaurant_3, "Steak", "$$$"));
                                                                                                                                ^
  symbol:   variable restaurant_3
  location: class drawable
/home/runner/work/NearByBites/NearByBites/app/src/main/java/com/foodapp/RestaurantsListActivity.java:136: error: cannot find symbol
        allRestaurants.add(new Restaurant(8, "Jollibee", "505 Cedar St", "Filipino, Chicken, Fast Food", 4.6f, 20, 2.1f, R.drawable.restaurant_4, "Chicken", "$"));
                                                                                                                                   ^
  symbol:   variable restaurant_4
  location: class drawable
/home/runner/work/NearByBites/NearByBites/app/src/main/java/com/foodapp/RestaurantsListActivity.java:138: error: cannot find symbol
        allRestaurants.add(new Restaurant(10, "Starbucks", "707 Maple St", "Coffee, Breakfast", 4.5f, 5, 0.5f, R.drawable.restaurant_2, "Coffee", "$$"));
                                                                                                                         ^
  symbol:   variable restaurant_2
  location: class drawable
/home/runner/work/NearByBites/NearByBites/app/src/main/java/com/foodapp/RestaurantsListActivity.java:139: error: cannot find symbol
        allRestaurants.add(new Restaurant(11, "Nando's", "808 Oak St", "Chicken, Portuguese", 4.8f, 30, 3.7f, R.drawable.restaurant_3, "Chicken", "$$"));
                                                                                                                        ^
  symbol:   variable restaurant_3
  location: class drawable
/home/runner/work/NearByBites/NearByBites/app/src/main/java/com/foodapp/RestaurantsListActivity.java:140: error: cannot find symbol
        allRestaurants.add(new Restaurant(12, "Chipotle", "909 Pine St", "Mexican, Healthy", 4.5f, 15, 1.9f, R.drawable.restaurant_4, "Mexican", "$$"));
                                                                                                                       ^
  symbol:   variable restaurant_4
  location: class drawable
/home/runner/work/NearByBites/NearByBites/app/src/main/java/com/foodapp/RestaurantsListActivity.java:142: error: cannot find symbol
        allRestaurants.add(new Restaurant(14, "Burger King", "222 Elm St", "Fast Food, Burger", 3.8f, 15, 1.4f, R.drawable.restaurant_2, "Fast Food", "$"));
                                                                                                                          ^
  symbol:   variable restaurant_2
  location: class drawable
/home/runner/work/NearByBites/NearByBites/app/src/main/java/com/foodapp/RestaurantsListActivity.java:143: error: cannot find symbol
        allRestaurants.add(new Restaurant(15, "Red Lobster", "333 Oak St", "Seafood, American", 4.6f, 45, 5.3f, R.drawable.restaurant_3, "Seafood", "$$$$"));
                                                                                                                          ^
  symbol:   variable restaurant_3
  location: class drawable
/home/runner/work/NearByBites/NearByBites/app/src/main/java/com/foodapp/RestaurantsListActivity.java:144: error: cannot find symbol
        allRestaurants.add(new Restaurant(16, "Asian Rice Bowl", "444 Pine St", "Asian, Rice", 4.5f, 20, 2.0f, R.drawable.restaurant_4, "Rice", "$$"));
                                                                                                                         ^
  symbol:   variable restaurant_4
  location: class drawable
/home/runner/work/NearByBites/NearByBites/app/src/main/java/com/foodapp/RestaurantsListActivity.java:146: error: cannot find symbol
        allRestaurants.add(new Restaurant(18, "Kebab King", "666 Elm St", "Middle Eastern, Kebab", 4.3f, 15, 1.8f, R.drawable.restaurant_2, "Kebab", "$"));
                                                                                                                             ^
  symbol:   variable restaurant_2
  location: class drawable
/home/runner/work/NearByBites/NearByBites/app/src/main/java/com/foodapp/RestaurantsListActivity.java:181: error: cannot find symbol
        Set<String> prices = filterManager.getSelectedPrices();
                                          ^
  symbol:   method getSelectedPrices()
  location: variable filterManager of type FilterManager
/home/runner/work/NearByBites/NearByBites/app/src/main/java/com/foodapp/HomeActivity.java:126: error: cannot find symbol
                if (itemId == R.id.action_home) {
                                  ^
  symbol:   variable action_home
  location: class id
/home/runner/work/NearByBites/NearByBites/app/src/main/java/com/foodapp/HomeActivity.java:129: error: cannot find symbol
                } else if (itemId == R.id.action_orders) {
                                         ^
  symbol:   variable action_orders
  location: class id
/home/runner/work/NearByBites/NearByBites/app/src/main/java/com/foodapp/HomeActivity.java:134: error: cannot find symbol
                } else if (itemId == R.id.action_favorites) {
                                         ^
  symbol:   variable action_favorites
  location: class id
/home/runner/work/NearByBites/NearByBites/app/src/main/java/com/foodapp/HomeActivity.java:139: error: cannot find symbol
                } else if (itemId == R.id.action_profile) {
                                         ^
  symbol:   variable action_profile
  location: class id
/home/runner/work/NearByBites/NearByBites/app/src/main/java/com/foodapp/HomeActivity.java:165: error: constructor CategoryAdapter in class CategoryAdapter cannot be applied to given types;
        categoryAdapter = new CategoryAdapter(categories, category -> {
                          ^
  required: Context,List<Category>,CategoryClickListener
  found:    List<Category>,(category)[...]t); }
  reason: actual and formal argument lists differ in length
/home/runner/work/NearByBites/NearByBites/app/src/main/java/com/foodapp/HomeActivity.java:177: error: constructor RestaurantAdapter in class RestaurantAdapter cannot be applied to given types;
        restaurantAdapter = new RestaurantAdapter(restaurants, restaurant -> {
                            ^
  required: Context,List<Restaurant>,RestaurantClickListener
  found:    List<Restaurant>,(restauran[...]t); }
  reason: actual and formal argument lists differ in length
/home/runner/work/NearByBites/NearByBites/app/src/main/java/com/foodapp/HomeActivity.java:188: error: method getInstance in class CartManager cannot be applied to given types;
        CartManager cartManager = CartManager.getInstance();
                                             ^
  required: Context
  found:    no arguments
  reason: actual and formal argument lists differ in length
/home/runner/work/NearByBites/NearByBites/app/src/main/java/com/foodapp/HomeActivity.java:189: error: cannot find symbol
        fabCart.setVisibility(cartManager.getItemCount() > 0 ? android.view.View.VISIBLE : android.view.View.GONE);
                                         ^
  symbol:   method getItemCount()
  location: variable cartManager of type CartManager
/home/runner/work/NearByBites/NearByBites/app/src/main/java/com/foodapp/HomeActivity.java:202: error: cannot find symbol
        categories.add(new Category(1, "Burgers", R.drawable.ic_category_burger));
                                                            ^
  symbol:   variable ic_category_burger
  location: class drawable
/home/runner/work/NearByBites/NearByBites/app/src/main/java/com/foodapp/HomeActivity.java:203: error: cannot find symbol
        categories.add(new Category(2, "Pizza", R.drawable.ic_category_pizza));
                                                          ^
  symbol:   variable ic_category_pizza
  location: class drawable
/home/runner/work/NearByBites/NearByBites/app/src/main/java/com/foodapp/HomeActivity.java:204: error: cannot find symbol
        categories.add(new Category(3, "Sushi", R.drawable.ic_category_sushi));
                                                          ^
  symbol:   variable ic_category_sushi
  location: class drawable
/home/runner/work/NearByBites/NearByBites/app/src/main/java/com/foodapp/HomeActivity.java:205: error: cannot find symbol
        categories.add(new Category(4, "Salads", R.drawable.ic_category_salad));
                                                           ^
  symbol:   variable ic_category_salad
  location: class drawable
/home/runner/work/NearByBites/NearByBites/app/src/main/java/com/foodapp/HomeActivity.java:206: error: cannot find symbol
        categories.add(new Category(5, "Desserts", R.drawable.ic_category_dessert));
                                                             ^
  symbol:   variable ic_category_dessert
  location: class drawable
/home/runner/work/NearByBites/NearByBites/app/src/main/java/com/foodapp/HomeActivity.java:207: error: cannot find symbol
        categories.add(new Category(6, "Drinks", R.drawable.ic_category_drink));
                                                           ^
  symbol:   variable ic_category_drink
  location: class drawable
/home/runner/work/NearByBites/NearByBites/app/src/main/java/com/foodapp/HomeActivity.java:208: error: cannot find symbol
        categories.add(new Category(7, "Italian", R.drawable.ic_category_italian));
                                                            ^
  symbol:   variable ic_category_italian
  location: class drawable
/home/runner/work/NearByBites/NearByBites/app/src/main/java/com/foodapp/HomeActivity.java:209: error: cannot find symbol
        categories.add(new Category(8, "Asian", R.drawable.ic_category_asian));
                                                          ^
  symbol:   variable ic_category_asian
  location: class drawable
/home/runner/work/NearByBites/NearByBites/app/src/main/java/com/foodapp/HomeActivity.java:217: error: cannot find symbol
        restaurants.add(new Restaurant(1, "Burger King", "Fast Food, Burgers", "4.5", "15-20 min", "$5.99", R.drawable.restaurant_burger));
                                                                                                                      ^
  symbol:   variable restaurant_burger
  location: class drawable
/home/runner/work/NearByBites/NearByBites/app/src/main/java/com/foodapp/HomeActivity.java:218: error: cannot find symbol
        restaurants.add(new Restaurant(2, "Pizza Hut", "Italian, Pizza", "4.2", "25-30 min", "$6.99", R.drawable.restaurant_pizza));
                                                                                                                ^
  symbol:   variable restaurant_pizza
  location: class drawable
/home/runner/work/NearByBites/NearByBites/app/src/main/java/com/foodapp/HomeActivity.java:219: error: cannot find symbol
        restaurants.add(new Restaurant(3, "Sushi House", "Japanese, Sushi", "4.8", "30-35 min", "$12.99", R.drawable.restaurant_sushi));
                                                                                                                    ^
  symbol:   variable restaurant_sushi
  location: class drawable
/home/runner/work/NearByBites/NearByBites/app/src/main/java/com/foodapp/HomeActivity.java:220: error: cannot find symbol
        restaurants.add(new Restaurant(4, "Green Garden", "Healthy, Salads", "4.1", "20-25 min", "$8.99", R.drawable.restaurant_salad));
                                                                                                                    ^
  symbol:   variable restaurant_salad
  location: class drawable
/home/runner/work/NearByBites/NearByBites/app/src/main/java/com/foodapp/HomeActivity.java:221: error: cannot find symbol
        restaurants.add(new Restaurant(5, "Sweet Treats", "Desserts, Bakery", "4.6", "15-20 min", "$4.99", R.drawable.restaurant_dessert));
                                                                                                                     ^
  symbol:   variable restaurant_dessert
  location: class drawable
/home/runner/work/NearByBites/NearByBites/app/src/main/java/com/foodapp/HomeActivity.java:231: error: method getInstance in class CartManager cannot be applied to given types;
        CartManager cartManager = CartManager.getInstance();
                                             ^
  required: Context
  found:    no arguments
  reason: actual and formal argument lists differ in length
/home/runner/work/NearByBites/NearByBites/app/src/main/java/com/foodapp/HomeActivity.java:232: error: cannot find symbol
        fabCart.setVisibility(cartManager.getItemCount() > 0 ? android.view.View.VISIBLE : android.view.View.GONE);
                                         ^
  symbol:   method getItemCount()
  location: variable cartManager of type CartManager
/home/runner/work/NearByBites/NearByBites/app/src/main/java/com/foodapp/adapters/CategoryAdapter.java:63: error: cannot find symbol
            ivCategoryImage = itemView.findViewById(R.id.ivCategoryImage);
                                                        ^
  symbol:   variable ivCategoryImage
  location: class id
/home/runner/work/NearByBites/NearByBites/app/src/main/java/com/foodapp/adapters/FavoriteRestaurantAdapter.java:60: error: cannot find symbol
        boolean isFavorite = favoriteManager.isRestaurantFavorite(restaurant.getId());
                                            ^
  symbol:   method isRestaurantFavorite(int)
  location: variable favoriteManager of type FavoriteManager
/home/runner/work/NearByBites/NearByBites/app/src/main/java/com/foodapp/adapters/FavoriteRestaurantAdapter.java:74: error: cannot find symbol
                boolean newFavoriteStatus = !favoriteManager.isRestaurantFavorite(restaurant.getId());
                                                            ^
  symbol:   method isRestaurantFavorite(int)
  location: variable favoriteManager of type FavoriteManager
/home/runner/work/NearByBites/NearByBites/app/src/main/java/com/foodapp/adapters/MenuItemAdapter.java:67: error: cannot find symbol
            if (menuItem.getImageUrl() != null && !menuItem.getImageUrl().isEmpty()) {
                        ^
  symbol:   method getImageUrl()
  location: variable menuItem of type MenuItem
/home/runner/work/NearByBites/NearByBites/app/src/main/java/com/foodapp/adapters/MenuItemAdapter.java:67: error: cannot find symbol
            if (menuItem.getImageUrl() != null && !menuItem.getImageUrl().isEmpty()) {
                                                           ^
  symbol:   method getImageUrl()
  location: variable menuItem of type MenuItem
/home/runner/work/NearByBites/NearByBites/app/src/main/java/com/foodapp/adapters/MenuItemAdapter.java:68: error: cannot find symbol
                Picasso.get().load(menuItem.getImageUrl()).into(ivItemImage);
                                           ^
  symbol:   method getImageUrl()
  location: variable menuItem of type MenuItem
/home/runner/work/NearByBites/NearByBites/app/src/main/java/com/foodapp/adapters/PromoItemAdapter.java:65: error: cannot find symbol
            ivPromoImage = itemView.findViewById(R.id.ivPromoImage);
                                                     ^
  symbol:   variable ivPromoImage
  location: class id
Note: Some input files use or override a deprecated API.

> Task :app:compileDebugJavaWithJavac FAILED
19 actionable tasks: 19 executed
Note: Recompile with -Xlint:deprecation for details.
Note: Some messages have been simplified; recompile with -Xdiags:verbose to get full output
100 errors
only showing the first 100 errors, of 113 total; use -Xmaxerrs if you would like to see more

FAILURE: Build failed with an exception.

* What went wrong:
Execution failed for task ':app:compileDebugJavaWithJavac'.
> Compilation failed; see the compiler error output for details.

* Try:
> Run with --stacktrace option to get the stack trace.
> Run with --info or --debug option to get more log output.
> Run with --scan to get full insights.

* Get more help at https://help.gradle.org

BUILD FAILED in 1m 16s
Error: Process completed with exit code 1.